<?xml version="1.0" encoding="UTF-8"?>
<!-- Generated by org.testng.reporters.JUnitReportReporter -->
<testsuite hostname="CITMN5CD3411Q36" failures="0" tests="2" name="test.Base" time="11.145" errors="0" timestamp="2024-10-10T13:07:44 IST" skipped="1">
  <testcase classname="test.Base" name="baseTest" time="11.145"/>
  <testcase classname="test.Base" name="dynamicTable">
    <skipped/>
  </testcase> <!-- dynamicTable -->
</testsuite> <!-- test.Base -->
